<?xml version="1.0" encoding="UTF-8"?><testsuite errors="0" failures="0" name="com.restful.booker.testsuite.BookingCRUDTest" skipped="0" tests="4" time="5.59" timestamp="2023-01-03T16:43:54.236Z[Europe/London]"><testcase classname="com.restful.booker.testsuite.BookingCRUDTest" name="This will pass authantication"/><testcase classname="com.restful.booker.testsuite.BookingCRUDTest" name="This test will create a new Booking"/><testcase classname="com.restful.booker.testsuite.BookingCRUDTest" name="This test will Update the booking"/><testcase classname="com.restful.booker.testsuite.BookingCRUDTest" name="This test will Deleted the booking"/></testsuite>